[2025-05-16 15:08:35] [sh600519] 新建日志文件: log/sh600519_2025-05-16_1508.log
[2025-05-16 15:08:35] [sz000001] 新建日志文件: log/sz000001_2025-05-16_1508.log
[2025-05-16 15:08:35] 监控 2 支股票，抓取频率: 60s，写入频率: 60s，日志分片: 600s
[2025-05-16 15:08:35] 第1轮采集...
[2025-05-16 15:08:35] sh600519 抓取到 1 条，最高: None，最低: None
[2025-05-16 15:08:36] sz000001 抓取到 1 条，最高: None，最低: None
[2025-05-16 15:09:36] 第2轮采集...
[2025-05-16 15:09:36] sh600519 抓取到 2 条，最高: None，最低: None
[2025-05-16 15:09:36] [sh600519] 写入 2 条到日志文件
[2025-05-16 15:09:42] sz000001 抓取到 2 条，最高: None，最低: None
[2025-05-16 15:09:42] [sz000001] 写入 2 条到日志文件
[2025-05-16 15:10:42] 第3轮采集...
[2025-05-16 15:10:42] sh600519 抓取到 1 条，最高: None，最低: None
[2025-05-16 15:10:42] [sh600519] 写入 1 条到日志文件
[2025-05-16 15:10:42] sz000001 抓取到 1 条，最高: None，最低: None
[2025-05-16 15:10:42] [sz000001] 写入 1 条到日志文件
[2025-05-16 15:11:42] 第4轮采集...
[2025-05-16 15:11:47] sh600519 抓取到 1 条，最高: None，最低: None
[2025-05-16 15:11:47] [sh600519] 写入 1 条到日志文件
[2025-05-16 15:11:50] sz000001 抓取到 1 条，最高: None，最低: None
[2025-05-16 15:11:50] [sz000001] 写入 1 条到日志文件
[2025-05-16 15:12:50] 第5轮采集...
[2025-05-16 15:12:57] sh600519 抓取到 1 条，最高: None，最低: None
[2025-05-16 15:12:57] [sh600519] 写入 1 条到日志文件
[2025-05-16 15:13:03] sz000001 抓取到 1 条，最高: None，最低: None
[2025-05-16 15:13:03] [sz000001] 写入 1 条到日志文件
[2025-05-16 15:14:03] 第6轮采集...
[2025-05-16 15:14:05] sh600519 抓取到 1 条，最高: None，最低: None
[2025-05-16 15:14:05] [sh600519] 写入 1 条到日志文件
[2025-05-16 15:14:10] sz000001 抓取到 1 条，最高: None，最低: None
[2025-05-16 15:14:10] [sz000001] 写入 1 条到日志文件
[2025-05-16 15:15:11] 第7轮采集...
[2025-05-16 15:15:16] sh600519 抓取到 1 条，最高: None，最低: None
[2025-05-16 15:15:16] [sh600519] 写入 1 条到日志文件
[2025-05-16 15:15:16] sz000001 抓取到 1 条，最高: None，最低: None
[2025-05-16 15:15:16] [sz000001] 写入 1 条到日志文件
[2025-05-16 15:16:16] 第8轮采集...
[2025-05-16 15:16:21] sh600519 抓取到 1 条，最高: None，最低: None
[2025-05-16 15:16:21] [sh600519] 写入 1 条到日志文件
[2025-05-16 15:16:21] sz000001 抓取到 1 条，最高: None，最低: None
[2025-05-16 15:16:21] [sz000001] 写入 1 条到日志文件
[2025-05-16 15:17:21] 第9轮采集...
[2025-05-16 15:17:23] sh600519 抓取到 1 条，最高: None，最低: None
[2025-05-16 15:17:23] [sh600519] 写入 1 条到日志文件
[2025-05-16 15:17:29] sz000001 抓取到 1 条，最高: None，最低: None
[2025-05-16 15:17:29] [sz000001] 写入 1 条到日志文件
[2025-05-16 15:18:29] 第10轮采集...
[2025-05-16 15:18:35] sh600519 抓取到 1 条，最高: None，最低: None
[2025-05-16 15:18:35] [sh600519] 写入 1 条到日志文件
[2025-05-16 15:18:40] sz000001 抓取到 1 条，最高: None，最低: None
[2025-05-16 15:18:40] [sz000001] 写入 1 条到日志文件
[2025-05-16 15:18:40] [sz000001] 日志分片，切换新文件
[2025-05-16 15:18:40] [sz000001] 新建日志文件: log/sz000001_2025-05-16_1518.log
[2025-05-16 15:19:40] 第11轮采集...
[2025-05-16 15:19:42] sh600519 抓取到 1 条，最高: None，最低: None
[2025-05-16 15:19:42] [sh600519] 写入 1 条到日志文件
[2025-05-16 15:19:42] [sh600519] 日志分片，切换新文件
[2025-05-16 15:19:42] [sh600519] 新建日志文件: log/sh600519_2025-05-16_1519.log
[2025-05-16 15:19:42] sz000001 抓取到 1 条，最高: None，最低: None
[2025-05-16 15:19:42] [sz000001] 写入 1 条到日志文件
[2025-05-16 15:20:42] 第12轮采集...
[2025-05-16 15:20:49] sh600519 抓取到 1 条，最高: None，最低: None
[2025-05-16 15:20:49] [sh600519] 写入 1 条到日志文件
[2025-05-16 15:20:55] sz000001 抓取到 1 条，最高: None，最低: None
[2025-05-16 15:20:55] [sz000001] 写入 1 条到日志文件
[2025-05-16 15:21:55] 第13轮采集...
[2025-05-16 15:22:00] sh600519 抓取到 1 条，最高: None，最低: None
[2025-05-16 15:22:00] [sh600519] 写入 1 条到日志文件
[2025-05-16 15:22:05] sz000001 抓取到 1 条，最高: None，最低: None
[2025-05-16 15:22:05] [sz000001] 写入 1 条到日志文件
[2025-05-16 15:23:05] 第14轮采集...
[2025-05-16 15:23:06] sh600519 抓取到 1 条，最高: None，最低: None
[2025-05-16 15:23:06] [sh600519] 写入 1 条到日志文件
[2025-05-16 15:23:06] sz000001 抓取到 1 条，最高: None，最低: None
[2025-05-16 15:23:06] [sz000001] 写入 1 条到日志文件
[2025-05-16 15:24:06] 第15轮采集...
[2025-05-16 15:24:13] sh600519 抓取到 1 条，最高: None，最低: None
[2025-05-16 15:24:13] [sh600519] 写入 1 条到日志文件
[2025-05-16 15:24:18] sz000001 抓取到 1 条，最高: None，最低: None
[2025-05-16 15:24:18] [sz000001] 写入 1 条到日志文件
[2025-05-16 15:25:18] 第16轮采集...
[2025-05-16 15:25:24] sh600519 抓取到 1 条，最高: None，最低: None
[2025-05-16 15:25:24] [sh600519] 写入 1 条到日志文件
[2025-05-16 15:25:30] sz000001 抓取到 1 条，最高: None，最低: None
[2025-05-16 15:25:30] [sz000001] 写入 1 条到日志文件
[2025-05-16 15:26:30] 第17轮采集...
[2025-05-16 15:26:35] sh600519 抓取到 1 条，最高: None，最低: None
[2025-05-16 15:26:35] [sh600519] 写入 1 条到日志文件
[2025-05-16 15:26:42] sz000001 抓取到 1 条，最高: None，最低: None
[2025-05-16 15:26:42] [sz000001] 写入 1 条到日志文件
[2025-05-16 15:27:42] 第18轮采集...
[2025-05-16 15:27:42] sh600519 抓取到 1 条，最高: None，最低: None
[2025-05-16 15:27:42] [sh600519] 写入 1 条到日志文件
[2025-05-16 15:27:42] sz000001 抓取到 1 条，最高: None，最低: None
[2025-05-16 15:27:42] [sz000001] 写入 1 条到日志文件
[2025-05-16 15:28:42] 第19轮采集...
[2025-05-16 15:28:42] sh600519 抓取到 1 条，最高: None，最低: None
[2025-05-16 15:28:42] [sh600519] 写入 1 条到日志文件
[2025-05-16 15:28:42] sz000001 抓取到 1 条，最高: None，最低: None
[2025-05-16 15:28:42] [sz000001] 写入 1 条到日志文件
[2025-05-16 15:28:42] [sz000001] 日志分片，切换新文件
[2025-05-16 15:28:42] [sz000001] 新建日志文件: log/sz000001_2025-05-16_1528.log
[2025-05-16 15:29:42] 第20轮采集...
[2025-05-16 15:29:48] sh600519 抓取到 1 条，最高: None，最低: None
[2025-05-16 15:29:48] [sh600519] 写入 1 条到日志文件
[2025-05-16 15:29:48] [sh600519] 日志分片，切换新文件
[2025-05-16 15:29:48] [sh600519] 新建日志文件: log/sh600519_2025-05-16_1529.log
[2025-05-16 15:29:53] sz000001 抓取到 1 条，最高: None，最低: None
[2025-05-16 15:29:53] [sz000001] 写入 1 条到日志文件
[2025-05-16 15:30:53] 第21轮采集...
[2025-05-16 15:30:58] sh600519 抓取到 1 条，最高: None，最低: None
[2025-05-16 15:30:58] [sh600519] 写入 1 条到日志文件
[2025-05-16 15:30:58] sz000001 抓取到 1 条，最高: None，最低: None
[2025-05-16 15:30:58] [sz000001] 写入 1 条到日志文件
[2025-05-16 15:31:58] 第22轮采集...
[2025-05-16 15:31:59] sh600519 抓取到 1 条，最高: None，最低: None
[2025-05-16 15:31:59] [sh600519] 写入 1 条到日志文件
[2025-05-16 15:31:59] sz000001 抓取到 1 条，最高: None，最低: None
[2025-05-16 15:31:59] [sz000001] 写入 1 条到日志文件
[2025-05-16 15:32:59] 第23轮采集...
[2025-05-16 15:33:05] sh600519 抓取到 1 条，最高: None，最低: None
[2025-05-16 15:33:05] [sh600519] 写入 1 条到日志文件
[2025-05-16 15:33:05] sz000001 抓取到 1 条，最高: None，最低: None
[2025-05-16 15:33:05] [sz000001] 写入 1 条到日志文件
[2025-05-16 15:34:05] 第24轮采集...
[2025-05-16 15:34:06] sh600519 抓取到 1 条，最高: None，最低: None
[2025-05-16 15:34:06] [sh600519] 写入 1 条到日志文件
[2025-05-16 15:34:08] sz000001 抓取到 1 条，最高: None，最低: None
[2025-05-16 15:34:08] [sz000001] 写入 1 条到日志文件
[2025-05-16 15:35:08] 第25轮采集...
[2025-05-16 15:35:09] sh600519 抓取到 1 条，最高: None，最低: None
[2025-05-16 15:35:09] [sh600519] 写入 1 条到日志文件
[2025-05-16 15:35:14] sz000001 抓取到 1 条，最高: None，最低: None
[2025-05-16 15:35:14] [sz000001] 写入 1 条到日志文件
[2025-05-16 15:36:14] 第26轮采集...
[2025-05-16 15:36:14] sh600519 抓取到 1 条，最高: None，最低: None
[2025-05-16 15:36:14] [sh600519] 写入 1 条到日志文件
[2025-05-16 15:36:19] sz000001 抓取到 1 条，最高: None，最低: None
[2025-05-16 15:36:19] [sz000001] 写入 1 条到日志文件
[2025-05-16 15:37:19] 第27轮采集...
[2025-05-16 15:37:28] sh600519 抓取到 1 条，最高: None，最低: None
[2025-05-16 15:37:28] [sh600519] 写入 1 条到日志文件
[2025-05-16 15:37:33] sz000001 抓取到 1 条，最高: None，最低: None
[2025-05-16 15:37:33] [sz000001] 写入 1 条到日志文件
[2025-05-16 15:38:33] 第28轮采集...
[2025-05-16 15:38:34] sh600519 抓取到 1 条，最高: None，最低: None
[2025-05-16 15:38:34] [sh600519] 写入 1 条到日志文件
[2025-05-16 15:38:35] sz000001 抓取到 1 条，最高: None，最低: None
[2025-05-16 15:38:35] [sz000001] 写入 1 条到日志文件
[2025-05-16 15:39:35] 第29轮采集...
[2025-05-16 15:39:35] sh600519 抓取到 1 条，最高: None，最低: None
[2025-05-16 15:39:35] [sh600519] 写入 1 条到日志文件
[2025-05-16 15:39:35] sz000001 抓取到 1 条，最高: None，最低: None
[2025-05-16 15:39:35] [sz000001] 写入 1 条到日志文件
[2025-05-16 15:39:35] [sz000001] 日志分片，切换新文件
[2025-05-16 15:39:35] [sz000001] 新建日志文件: log/sz000001_2025-05-16_1539.log
[2025-05-16 15:40:35] 第30轮采集...
[2025-05-16 15:40:35] sh600519 抓取到 1 条，最高: None，最低: None
[2025-05-16 15:40:35] [sh600519] 写入 1 条到日志文件
[2025-05-16 15:40:35] [sh600519] 日志分片，切换新文件
[2025-05-16 15:40:35] [sh600519] 新建日志文件: log/sh600519_2025-05-16_1540.log
[2025-05-16 15:40:37] sz000001 抓取到 1 条，最高: None，最低: None
[2025-05-16 15:40:37] [sz000001] 写入 1 条到日志文件
[2025-05-16 15:41:37] 第31轮采集...
[2025-05-16 15:41:43] sh600519 抓取到 1 条，最高: None，最低: None
[2025-05-16 15:41:43] [sh600519] 写入 1 条到日志文件
[2025-05-16 15:41:48] sz000001 抓取到 1 条，最高: None，最低: None
[2025-05-16 15:41:48] [sz000001] 写入 1 条到日志文件
[2025-05-16 15:42:48] 第32轮采集...
[2025-05-16 15:42:55] sh600519 抓取到 1 条，最高: None，最低: None
[2025-05-16 15:42:55] [sh600519] 写入 1 条到日志文件
[2025-05-16 15:43:00] sz000001 抓取到 1 条，最高: None，最低: None
[2025-05-16 15:43:00] [sz000001] 写入 1 条到日志文件
[2025-05-16 15:44:00] 第33轮采集...
[2025-05-16 15:44:06] sh600519 抓取到 1 条，最高: None，最低: None
[2025-05-16 15:44:06] [sh600519] 写入 1 条到日志文件
[2025-05-16 15:44:11] sz000001 抓取到 1 条，最高: None，最低: None
[2025-05-16 15:44:11] [sz000001] 写入 1 条到日志文件
[2025-05-16 15:45:11] 第34轮采集...
[2025-05-16 15:45:16] sh600519 抓取到 1 条，最高: None，最低: None
[2025-05-16 15:45:16] [sh600519] 写入 1 条到日志文件
[2025-05-16 15:45:16] sz000001 抓取到 1 条，最高: None，最低: None
[2025-05-16 15:45:16] [sz000001] 写入 1 条到日志文件
[2025-05-16 15:46:16] 第35轮采集...
[2025-05-16 15:46:16] sh600519 抓取到 1 条，最高: None，最低: None
[2025-05-16 15:46:16] [sh600519] 写入 1 条到日志文件
[2025-05-16 15:46:17] sz000001 抓取到 1 条，最高: None，最低: None
[2025-05-16 15:46:17] [sz000001] 写入 1 条到日志文件
[2025-05-16 15:47:17] 第36轮采集...
[2025-05-16 15:47:19] sh600519 抓取到 1 条，最高: None，最低: None
[2025-05-16 15:47:19] [sh600519] 写入 1 条到日志文件
[2025-05-16 15:47:24] sz000001 抓取到 1 条，最高: None，最低: None
[2025-05-16 15:47:24] [sz000001] 写入 1 条到日志文件
[2025-05-16 15:48:24] 第37轮采集...
[2025-05-16 15:48:29] sh600519 抓取到 1 条，最高: None，最低: None
[2025-05-16 15:48:29] [sh600519] 写入 1 条到日志文件
[2025-05-16 15:48:31] sz000001 抓取到 1 条，最高: None，最低: None
[2025-05-16 15:48:31] [sz000001] 写入 1 条到日志文件
[2025-05-16 15:49:31] 第38轮采集...
[2025-05-16 15:49:31] sh600519 抓取到 1 条，最高: None，最低: None
[2025-05-16 15:49:31] [sh600519] 写入 1 条到日志文件
[2025-05-16 15:49:32] sz000001 抓取到 1 条，最高: None，最低: None
[2025-05-16 15:49:32] [sz000001] 写入 1 条到日志文件
[2025-05-16 15:50:32] 第39轮采集...
[2025-05-16 15:50:32] sh600519 抓取到 1 条，最高: None，最低: None
[2025-05-16 15:50:32] [sh600519] 写入 1 条到日志文件
[2025-05-16 15:50:32] sz000001 抓取到 1 条，最高: None，最低: None
[2025-05-16 15:50:32] [sz000001] 写入 1 条到日志文件
[2025-05-16 15:50:32] [sz000001] 日志分片，切换新文件
[2025-05-16 15:50:32] [sz000001] 新建日志文件: log/sz000001_2025-05-16_1550.log
[2025-05-16 15:51:32] 第40轮采集...
[2025-05-16 15:51:34] sh600519 抓取到 1 条，最高: None，最低: None
[2025-05-16 15:51:34] [sh600519] 写入 1 条到日志文件
[2025-05-16 15:51:34] [sh600519] 日志分片，切换新文件
[2025-05-16 15:51:34] [sh600519] 新建日志文件: log/sh600519_2025-05-16_1551.log
[2025-05-16 15:51:34] sz000001 抓取到 1 条，最高: None，最低: None
[2025-05-16 15:51:34] [sz000001] 写入 1 条到日志文件
[2025-05-16 15:52:34] 第41轮采集...
[2025-05-16 15:52:35] sh600519 抓取到 1 条，最高: None，最低: None
[2025-05-16 15:52:35] [sh600519] 写入 1 条到日志文件
[2025-05-16 15:52:42] sz000001 抓取到 1 条，最高: None，最低: None
[2025-05-16 15:52:42] [sz000001] 写入 1 条到日志文件
[2025-05-16 15:53:42] 第42轮采集...
[2025-05-16 15:53:47] sh600519 抓取到 1 条，最高: None，最低: None
[2025-05-16 15:53:47] [sh600519] 写入 1 条到日志文件
[2025-05-16 15:53:52] sz000001 抓取到 1 条，最高: None，最低: None
[2025-05-16 15:53:52] [sz000001] 写入 1 条到日志文件
[2025-05-16 15:54:52] 第43轮采集...
[2025-05-16 15:54:59] sh600519 抓取到 1 条，最高: None，最低: None
[2025-05-16 15:54:59] [sh600519] 写入 1 条到日志文件
[2025-05-16 15:55:07] sz000001 抓取到 1 条，最高: None，最低: None
[2025-05-16 15:55:07] [sz000001] 写入 1 条到日志文件
[2025-05-16 15:56:07] 第44轮采集...
[2025-05-16 15:56:13] sh600519 抓取到 1 条，最高: None，最低: None
[2025-05-16 15:56:13] [sh600519] 写入 1 条到日志文件
[2025-05-16 15:56:19] sz000001 抓取到 1 条，最高: None，最低: None
[2025-05-16 15:56:19] [sz000001] 写入 1 条到日志文件
[2025-05-16 15:57:19] 第45轮采集...
[2025-05-16 15:57:25] sh600519 抓取到 1 条，最高: None，最低: None
[2025-05-16 15:57:25] [sh600519] 写入 1 条到日志文件
[2025-05-16 15:57:33] sz000001 抓取到 1 条，最高: None，最低: None
[2025-05-16 15:57:33] [sz000001] 写入 1 条到日志文件
[2025-05-16 15:58:33] 第46轮采集...
[2025-05-16 15:58:33] sh600519 抓取到 1 条，最高: None，最低: None
[2025-05-16 15:58:33] [sh600519] 写入 1 条到日志文件
[2025-05-16 15:58:39] sz000001 抓取到 1 条，最高: None，最低: None
[2025-05-16 15:58:39] [sz000001] 写入 1 条到日志文件
[2025-05-16 15:59:39] 第47轮采集...
[2025-05-16 15:59:39] sh600519 抓取到 1 条，最高: None，最低: None
[2025-05-16 15:59:39] [sh600519] 写入 1 条到日志文件
[2025-05-16 15:59:44] sz000001 抓取到 1 条，最高: None，最低: None
[2025-05-16 15:59:44] [sz000001] 写入 1 条到日志文件
[2025-05-16 16:00:44] 第48轮采集...
[2025-05-16 16:00:47] sh600519 抓取到 1 条，最高: None，最低: None
[2025-05-16 16:00:47] [sh600519] 写入 1 条到日志文件
[2025-05-16 16:00:54] sz000001 抓取到 1 条，最高: None，最低: None
[2025-05-16 16:00:54] [sz000001] 写入 1 条到日志文件
[2025-05-16 16:00:54] [sz000001] 日志分片，切换新文件
[2025-05-16 16:00:54] [sz000001] 新建日志文件: log/sz000001_2025-05-16_1600.log
[2025-05-16 16:01:54] 第49轮采集...
[2025-05-16 16:01:54] sh600519 抓取到 1 条，最高: None，最低: None
[2025-05-16 16:01:54] [sh600519] 写入 1 条到日志文件
[2025-05-16 16:01:54] [sh600519] 日志分片，切换新文件
[2025-05-16 16:01:54] [sh600519] 新建日志文件: log/sh600519_2025-05-16_1601.log
[2025-05-16 16:01:54] sz000001 抓取到 1 条，最高: None，最低: None
[2025-05-16 16:01:54] [sz000001] 写入 1 条到日志文件
[2025-05-16 16:02:54] 第50轮采集...
[2025-05-16 16:02:55] sh600519 抓取到 1 条，最高: None，最低: None
[2025-05-16 16:02:55] [sh600519] 写入 1 条到日志文件
[2025-05-16 16:03:01] sz000001 抓取到 1 条，最高: None，最低: None
[2025-05-16 16:03:01] [sz000001] 写入 1 条到日志文件
[2025-05-16 16:04:01] 第51轮采集...
[2025-05-16 16:04:07] sh600519 抓取到 1 条，最高: None，最低: None
[2025-05-16 16:04:07] [sh600519] 写入 1 条到日志文件
[2025-05-16 16:04:13] sz000001 抓取到 1 条，最高: None，最低: None
[2025-05-16 16:04:13] [sz000001] 写入 1 条到日志文件
[2025-05-16 16:05:13] 第52轮采集...
[2025-05-16 16:05:19] sh600519 抓取到 1 条，最高: None，最低: None
[2025-05-16 16:05:19] [sh600519] 写入 1 条到日志文件
[2025-05-16 16:05:24] sz000001 抓取到 1 条，最高: None，最低: None
[2025-05-16 16:05:24] [sz000001] 写入 1 条到日志文件
[2025-05-16 16:06:24] 第53轮采集...
[2025-05-16 16:06:25] sh600519 抓取到 1 条，最高: None，最低: None
[2025-05-16 16:06:25] [sh600519] 写入 1 条到日志文件
[2025-05-16 16:06:26] sz000001 抓取到 1 条，最高: None，最低: None
[2025-05-16 16:06:26] [sz000001] 写入 1 条到日志文件
[2025-05-16 16:07:26] 第54轮采集...
[2025-05-16 16:07:26] sh600519 抓取到 1 条，最高: None，最低: None
[2025-05-16 16:07:26] [sh600519] 写入 1 条到日志文件
[2025-05-16 16:07:31] sz000001 抓取到 1 条，最高: None，最低: None
[2025-05-16 16:07:31] [sz000001] 写入 1 条到日志文件
[2025-05-16 16:08:31] 第55轮采集...
[2025-05-16 16:08:37] sh600519 抓取到 1 条，最高: None，最低: None
[2025-05-16 16:08:37] [sh600519] 写入 1 条到日志文件
[2025-05-16 16:08:43] sz000001 抓取到 1 条，最高: None，最低: None
[2025-05-16 16:08:43] [sz000001] 写入 1 条到日志文件
[2025-05-16 16:09:43] 第56轮采集...
[2025-05-16 16:09:49] sh600519 抓取到 1 条，最高: None，最低: None
[2025-05-16 16:09:49] [sh600519] 写入 1 条到日志文件
[2025-05-16 16:09:54] sz000001 抓取到 1 条，最高: None，最低: None
[2025-05-16 16:09:54] [sz000001] 写入 1 条到日志文件
[2025-05-16 16:10:54] 第57轮采集...
[2025-05-16 16:11:00] sh600519 抓取到 1 条，最高: None，最低: None
[2025-05-16 16:11:00] [sh600519] 写入 1 条到日志文件
[2025-05-16 16:11:05] sz000001 抓取到 1 条，最高: None，最低: None
[2025-05-16 16:11:05] [sz000001] 写入 1 条到日志文件
[2025-05-16 16:11:05] [sz000001] 日志分片，切换新文件
[2025-05-16 16:11:05] [sz000001] 新建日志文件: log/sz000001_2025-05-16_1611.log
[2025-05-16 16:12:05] 第58轮采集...
[2025-05-16 16:12:07] sh600519 抓取到 1 条，最高: None，最低: None
[2025-05-16 16:12:07] [sh600519] 写入 1 条到日志文件
[2025-05-16 16:12:07] [sh600519] 日志分片，切换新文件
[2025-05-16 16:12:07] [sh600519] 新建日志文件: log/sh600519_2025-05-16_1612.log
[2025-05-16 16:12:09] sz000001 抓取到 1 条，最高: None，最低: None
[2025-05-16 16:12:09] [sz000001] 写入 1 条到日志文件
[2025-05-16 16:13:09] 第59轮采集...
[2025-05-16 16:13:15] sh600519 抓取到 1 条，最高: None，最低: None
[2025-05-16 16:13:15] [sh600519] 写入 1 条到日志文件
[2025-05-16 16:13:16] sz000001 抓取到 1 条，最高: None，最低: None
[2025-05-16 16:13:16] [sz000001] 写入 1 条到日志文件
[2025-05-16 16:14:16] 第60轮采集...
[2025-05-16 16:14:17] sh600519 抓取到 1 条，最高: None，最低: None
[2025-05-16 16:14:17] [sh600519] 写入 1 条到日志文件
[2025-05-16 16:14:23] sz000001 抓取到 1 条，最高: None，最低: None
[2025-05-16 16:14:23] [sz000001] 写入 1 条到日志文件
[2025-05-16 16:15:23] 第61轮采集...
[2025-05-16 16:15:28] sh600519 抓取到 1 条，最高: None，最低: None
[2025-05-16 16:15:28] [sh600519] 写入 1 条到日志文件
[2025-05-16 16:15:29] sz000001 抓取到 1 条，最高: None，最低: None
[2025-05-16 16:15:29] [sz000001] 写入 1 条到日志文件
[2025-05-16 16:16:29] 第62轮采集...
[2025-05-16 16:16:34] sh600519 抓取到 1 条，最高: None，最低: None
[2025-05-16 16:16:34] [sh600519] 写入 1 条到日志文件
[2025-05-16 16:16:35] sz000001 抓取到 1 条，最高: None，最低: None
[2025-05-16 16:16:35] [sz000001] 写入 1 条到日志文件
[2025-05-16 16:17:35] 第63轮采集...
[2025-05-16 16:17:37] sh600519 抓取到 1 条，最高: None，最低: None
[2025-05-16 16:17:37] [sh600519] 写入 1 条到日志文件
[2025-05-16 16:17:40] sz000001 抓取到 1 条，最高: None，最低: None
[2025-05-16 16:17:40] [sz000001] 写入 1 条到日志文件
[2025-05-16 16:18:40] 第64轮采集...
[2025-05-16 16:18:41] sh600519 抓取到 1 条，最高: None，最低: None
[2025-05-16 16:18:41] [sh600519] 写入 1 条到日志文件
[2025-05-16 16:18:46] sz000001 抓取到 1 条，最高: None，最低: None
[2025-05-16 16:18:46] [sz000001] 写入 1 条到日志文件
[2025-05-16 16:19:46] 第65轮采集...
[2025-05-16 16:19:53] sh600519 抓取到 1 条，最高: None，最低: None
[2025-05-16 16:19:53] [sh600519] 写入 1 条到日志文件
[2025-05-16 16:20:00] sz000001 抓取到 1 条，最高: None，最低: None
[2025-05-16 16:20:00] [sz000001] 写入 1 条到日志文件
[2025-05-16 16:21:00] 第66轮采集...
[2025-05-16 16:21:07] sh600519 抓取到 1 条，最高: None，最低: None
[2025-05-16 16:21:07] [sh600519] 写入 1 条到日志文件
[2025-05-16 16:21:13] sz000001 抓取到 1 条，最高: None，最低: None
[2025-05-16 16:21:13] [sz000001] 写入 1 条到日志文件
[2025-05-16 16:21:13] [sz000001] 日志分片，切换新文件
[2025-05-16 16:21:13] [sz000001] 新建日志文件: log/sz000001_2025-05-16_1621.log
[2025-05-16 16:22:13] 第67轮采集...
[2025-05-16 16:22:19] sh600519 抓取到 1 条，最高: None，最低: None
[2025-05-16 16:22:19] [sh600519] 写入 1 条到日志文件
[2025-05-16 16:22:19] [sh600519] 日志分片，切换新文件
[2025-05-16 16:22:19] [sh600519] 新建日志文件: log/sh600519_2025-05-16_1622.log
[2025-05-16 16:22:22] sz000001 抓取到 1 条，最高: None，最低: None
[2025-05-16 16:22:22] [sz000001] 写入 1 条到日志文件
[2025-05-16 16:23:22] 第68轮采集...
[2025-05-16 16:23:24] sh600519 抓取到 1 条，最高: None，最低: None
[2025-05-16 16:23:24] [sh600519] 写入 1 条到日志文件
[2025-05-16 16:23:30] sz000001 抓取到 1 条，最高: None，最低: None
[2025-05-16 16:23:30] [sz000001] 写入 1 条到日志文件
[2025-05-16 16:24:30] 第69轮采集...
[2025-05-16 16:24:31] sh600519 抓取到 1 条，最高: None，最低: None
[2025-05-16 16:24:31] [sh600519] 写入 1 条到日志文件
[2025-05-16 16:24:36] sz000001 抓取到 1 条，最高: None，最低: None
[2025-05-16 16:24:36] [sz000001] 写入 1 条到日志文件
[2025-05-16 16:25:36] 第70轮采集...
[2025-05-16 16:25:43] sh600519 抓取到 1 条，最高: None，最低: None
[2025-05-16 16:25:43] [sh600519] 写入 1 条到日志文件
[2025-05-16 16:25:43] sz000001 抓取到 1 条，最高: None，最低: None
[2025-05-16 16:25:43] [sz000001] 写入 1 条到日志文件
[2025-05-16 16:26:43] 第71轮采集...
[2025-05-16 16:26:44] sh600519 抓取到 1 条，最高: None，最低: None
[2025-05-16 16:26:44] [sh600519] 写入 1 条到日志文件
